{"timestamp":"2026-03-16T10:12:56.421Z","level":"info","message":"","service":"oquiz","pid":22404}
{"timestamp":"2026-03-16T10:13:01.625Z","level":"info","message":"Servedr","service":"oquiz","pid":12076}
{"timestamp":"2026-03-16T10:13:07.154Z","level":"info","message":"Server  Started","service":"oquiz","pid":34344}
{"timestamp":"2026-03-16T10:13:17.894Z","level":"info","message":"Server  Started","service":"oquiz","pid":21072}
{"timestamp":"2026-03-16T10:13:21.312Z","level":"info","message":"Server  Started","service":"oquiz","pid":22328}
{"timestamp":"2026-03-16T10:13:24.741Z","level":"info","message":"Server  Started","service":"oquiz","pid":33744}
{"timestamp":"2026-03-16T10:13:32.378Z","level":"info","message":"Server  Started","service":"oquiz","pid":11976}
{"timestamp":"2026-03-16T10:13:33.650Z","level":"info","message":"Server  Started","service":"oquiz","pid":7768}
{"timestamp":"2026-03-16T10:13:35.366Z","level":"info","message":"Server  Started","service":"oquiz","pid":6400}
{"timestamp":"2026-03-16T10:13:49.749Z","level":"info","message":"Server  Started","service":"oquiz","pid":8468,"additonalData":"test"}
{"timestamp":"2026-03-16T10:14:00.956Z","level":"info","message":"Server  Started","service":"oquiz","pid":4920,"additonalData":"test"}
{"timestamp":"2026-03-16T10:14:02.227Z","level":"info","message":"Server  Started","service":"oquiz","pid":32848,"additonalData":"test"}
{"timestamp":"2026-03-16T10:14:07.946Z","level":"info","message":"Server  Started","service":"oquiz","pid":18696,"additonalData":"test"}
{"timestamp":"2026-03-16T10:14:41.165Z","level":"info","message":"Server  Started","service":"oquiz","pid":28160,"additonalData":"test"}
{"timestamp":"2026-03-16T10:14:48.304Z","level":"info","message":"Server  Started","service":"oquiz","pid":35084,"additonalData":"test"}
{"timestamp":"2026-03-16T10:14:50.844Z","level":"info","message":"Server  Started","service":"oquiz","pid":16824,"additonalData":"test"}
{"timestamp":"2026-03-16T10:14:50.845Z","level":"error","message":"","service":"oquiz","pid":16824}
{"timestamp":"2026-03-16T10:14:56.218Z","level":"info","message":"Server  Started","service":"oquiz","pid":35212,"additonalData":"test"}
{"timestamp":"2026-03-16T10:14:56.219Z","level":"error","message":"error","service":"oquiz","pid":35212}
{"timestamp":"2026-03-16T10:16:57.998Z","level":"info","message":"Server  Started","service":"oquiz","pid":35448,"additonalData":"test"}
{"timestamp":"2026-03-16T10:16:57.999Z","level":"error","message":"error","service":"oquiz","pid":35448}
{"timestamp":"2026-03-16T10:18:24.743Z","level":"info","message":"Server  Started","service":"oquiz","pid":6056,"additonalData":"test"}
{"timestamp":"2026-03-16T10:18:24.744Z","level":"error","message":"error","service":"oquiz","pid":6056}
{"timestamp":"2026-03-16T10:18:33.383Z","level":"info","message":"Server  Started","service":"oquiz","pid":13512,"additonalData":"test"}
{"timestamp":"2026-03-16T10:18:33.384Z","level":"error","message":"error","service":"oquiz","pid":13512}
{"timestamp":"2026-03-16T13:21:30.754Z","level":"info","message":"Server  Started","service":"oquiz","pid":43424,"additonalData":"test"}
{"timestamp":"2026-03-16T13:21:30.755Z","level":"error","message":"error","service":"oquiz","pid":43424}
{"timestamp":"2026-03-16T13:21:31.316Z","level":"info","message":"Server  Started","service":"oquiz","pid":33384,"additonalData":"test"}
{"timestamp":"2026-03-16T13:21:31.317Z","level":"error","message":"error","service":"oquiz","pid":33384}
{"timestamp":"2026-03-16T14:07:25.496Z","level":"info","message":"Server  Started","service":"oquiz","pid":39436,"additonalData":"test"}
{"timestamp":"2026-03-16T14:07:25.497Z","level":"error","message":"error","service":"oquiz","pid":39436}
{"timestamp":"2026-03-16T14:07:26.050Z","level":"info","message":"Server  Started","service":"oquiz","pid":6316,"additonalData":"test"}
{"timestamp":"2026-03-16T14:07:26.051Z","level":"error","message":"error","service":"oquiz","pid":6316}
{"timestamp":"2026-03-17T07:44:24.549Z","level":"info","message":"Server  Started","service":"oquiz","pid":46544,"additonalData":"test"}
{"timestamp":"2026-03-17T07:44:24.550Z","level":"error","message":"error","service":"oquiz","pid":46544}
{"timestamp":"2026-03-17T07:44:25.120Z","level":"info","message":"Server  Started","service":"oquiz","pid":32712,"additonalData":"test"}
{"timestamp":"2026-03-17T07:44:25.121Z","level":"error","message":"error","service":"oquiz","pid":32712}
{"timestamp":"2026-03-17T07:46:42.089Z","level":"info","message":"Server  Started","service":"oquiz","pid":44056,"additonalData":"test"}
{"timestamp":"2026-03-17T07:46:42.090Z","level":"error","message":"error","service":"oquiz","pid":44056}
